<?xml version="1.0" encoding="UTF-8"?>
<testsuite xmlns:xsi="http://www.w3.org/2001/XMLSchema-instance" xsi:noNamespaceSchemaLocation="https://maven.apache.org/surefire/maven-surefire-plugin/xsd/surefire-test-report.xsd" version="3.0.2" name="com.abstergo.fharmacia.controller.ClienteControllerTest" time="9.244" tests="1" errors="0" skipped="0" failures="0">
  <properties>
[...]
</properties>
  <testcase name="cadastrarEListarCliente" classname="com.abstergo.fharmacia.controller.ClienteControllerTest" time="1.173">
    <system-out><![CDATA[16:48:33.318 [main] INFO org.springframework.test.context.support.AnnotationConfigContextLoaderUtils -- Could not detect default configuration classes for test class [com.abstergo.fharmacia.controller.ClienteControllerTest]: ClienteControllerTest does not declare any static, non-private, non-final, nested classes annotated with @Configuration.
16:48:33.529 [main] INFO org.springframework.boot.test.context.SpringBootTestContextBootstrapper -- Found @SpringBootConfiguration com.abstergo.fharmacia.FharmaciaApplication for test class com.abstergo.fharmacia.controller.ClienteControllerTest

  .   ____          _            __ _ _
 /\\ / ___'_ __ _ _(_)_ __  __ _ \ \ \ \
( ( )\___ | '_ | '_| | '_ \/ _` | \ \ \ \
 \\/  ___)| |_)| | | | | || (_| |  ) ) ) )
  '  |____| .__|_| |_|_| |_\__, | / / / /
 =========|_|==============|___/=/_/_/_/

 :: Spring Boot ::                (v3.5.8)

2025-12-14T16:48:34.145-03:00  INFO 19964 --- [fharmacia-abstergo] [           main] c.a.f.controller.ClienteControllerTest   : Starting ClienteControllerTest using Java 21.0.8 with PID 19964 (started by zefpe in D:\Projects\Industries-Fharmacia-Abstergo_AWS)
2025-12-14T16:48:34.145-03:00  INFO 19964 --- [fharmacia-abstergo] [           main] c.a.f.controller.ClienteControllerTest   : The following 1 profile is active: "dev"
2025-12-14T16:48:35.448-03:00  INFO 19964 --- [fharmacia-abstergo] [           main] .s.d.r.c.RepositoryConfigurationDelegate : Bootstrapping Spring Data JPA repositories in DEFAULT mode.
2025-12-14T16:48:35.547-03:00  INFO 19964 --- [fharmacia-abstergo] [           main] .s.d.r.c.RepositoryConfigurationDelegate : Finished Spring Data repository scanning in 80 ms. Found 2 JPA repository interfaces.
2025-12-14T16:48:37.065-03:00  INFO 19964 --- [fharmacia-abstergo] [           main] o.hibernate.jpa.internal.util.LogHelper  : HHH000204: Processing PersistenceUnitInfo [name: default]
2025-12-14T16:48:37.234-03:00  INFO 19964 --- [fharmacia-abstergo] [           main] org.hibernate.Version                    : HHH000412: Hibernate ORM core version 6.6.36.Final
2025-12-14T16:48:37.317-03:00  INFO 19964 --- [fharmacia-abstergo] [           main] o.h.c.internal.RegionFactoryInitiator    : HHH000026: Second-level cache disabled
2025-12-14T16:48:37.966-03:00  INFO 19964 --- [fharmacia-abstergo] [           main] o.s.o.j.p.SpringPersistenceUnitInfo      : No LoadTimeWeaver setup: ignoring JPA class transformer
2025-12-14T16:48:38.033-03:00  INFO 19964 --- [fharmacia-abstergo] [           main] com.zaxxer.hikari.HikariDataSource       : HikariPool-1 - Starting...
2025-12-14T16:48:38.232-03:00  INFO 19964 --- [fharmacia-abstergo] [           main] com.zaxxer.hikari.pool.HikariPool        : HikariPool-1 - Added connection conn0: url=jdbc:h2:mem:fharmaciadb user=SA
2025-12-14T16:48:38.232-03:00  INFO 19964 --- [fharmacia-abstergo] [           main] com.zaxxer.hikari.HikariDataSource       : HikariPool-1 - Start completed.
2025-12-14T16:48:38.256-03:00  WARN 19964 --- [fharmacia-abstergo] [           main] org.hibernate.orm.deprecation            : HHH90000025: H2Dialect does not need to be specified explicitly using 'hibernate.dialect' (remove the property setting and it will be selected by default)
2025-12-14T16:48:38.273-03:00  INFO 19964 --- [fharmacia-abstergo] [           main] org.hibernate.orm.connections.pooling    : HHH10001005: Database info:
	Database JDBC URL [Connecting through datasource 'HikariDataSource (HikariPool-1)']
	Database driver: undefined/unknown
	Database version: 2.3.232
	Autocommit mode: undefined/unknown
	Isolation level: undefined/unknown
	Minimum pool size: undefined/unknown
	Maximum pool size: undefined/unknown
2025-12-14T16:48:39.016-03:00  INFO 19964 --- [fharmacia-abstergo] [           main] o.h.e.t.j.p.i.JtaPlatformInitiator       : HHH000489: No JTA platform available (set 'hibernate.transaction.jta.platform' to enable JTA platform integration)
Hibernate: create table clientes (id bigint generated by default as identity, cpf varchar(255), email varchar(255), bairro varchar(255), cep varchar(255), cidade varchar(255), complemento varchar(255), logradouro varchar(255), numero varchar(255), uf varchar(255), nome varchar(255), telefone varchar(255), primary key (id))
Hibernate: create table produtos (id bigint generated by default as identity, descricao varchar(255), fabricante varchar(255), nome varchar(255), preco numeric(38,2), quantidade_estoque integer, primary key (id))
Hibernate: alter table if exists clientes drop constraint if exists UK7wflw78ibh162cmq12ii6ffly
Hibernate: alter table if exists clientes add constraint UK7wflw78ibh162cmq12ii6ffly unique (cpf)
Hibernate: alter table if exists clientes drop constraint if exists UK1c96wv36rk2hwui7qhjks3mvg
Hibernate: alter table if exists clientes add constraint UK1c96wv36rk2hwui7qhjks3mvg unique (email)
2025-12-14T16:48:39.089-03:00  INFO 19964 --- [fharmacia-abstergo] [           main] j.LocalContainerEntityManagerFactoryBean : Initialized JPA EntityManagerFactory for persistence unit 'default'
2025-12-14T16:48:40.034-03:00  WARN 19964 --- [fharmacia-abstergo] [           main] JpaBaseConfiguration$JpaWebConfiguration : spring.jpa.open-in-view is enabled by default. Therefore, database queries may be performed during view rendering. Explicitly configure spring.jpa.open-in-view to disable this warning
2025-12-14T16:48:40.916-03:00  INFO 19964 --- [fharmacia-abstergo] [           main] o.s.b.a.h2.H2ConsoleAutoConfiguration    : H2 console available at '/h2-console'. Database available at 'jdbc:h2:mem:fharmaciadb'
2025-12-14T16:48:41.096-03:00  INFO 19964 --- [fharmacia-abstergo] [           main] o.s.b.t.m.w.SpringBootMockServletContext : Initializing Spring TestDispatcherServlet ''
2025-12-14T16:48:41.096-03:00  INFO 19964 --- [fharmacia-abstergo] [           main] o.s.t.web.servlet.TestDispatcherServlet  : Initializing Servlet ''
2025-12-14T16:48:41.102-03:00  INFO 19964 --- [fharmacia-abstergo] [           main] o.s.t.web.servlet.TestDispatcherServlet  : Completed initialization in 6 ms
2025-12-14T16:48:41.154-03:00  INFO 19964 --- [fharmacia-abstergo] [           main] c.a.f.controller.ClienteControllerTest   : Started ClienteControllerTest in 7.425 seconds (process running for 8.643)
Hibernate: insert into clientes (cpf,email,bairro,cep,cidade,complemento,logradouro,numero,uf,nome,telefone,id) values (?,?,?,?,?,?,?,?,?,?,?,default)
Hibernate: select c1_0.id,c1_0.cpf,c1_0.email,c1_0.bairro,c1_0.cep,c1_0.cidade,c1_0.complemento,c1_0.logradouro,c1_0.numero,c1_0.uf,c1_0.nome,c1_0.telefone from clientes c1_0
]]></system-out>
    <system-err><![CDATA[Mockito is currently self-attaching to enable the inline-mock-maker. This will no longer work in future releases of the JDK. Please add Mockito as an agent to your build as described in Mockito's documentation: https://javadoc.io/doc/org.mockito/mockito-core/latest/org.mockito/org/mockito/Mockito.html#0.3
WARNING: A Java agent has been loaded dynamically (C:\Users\zefpe\.m2\repository\net\bytebuddy\byte-buddy-agent\1.17.8\byte-buddy-agent-1.17.8.jar)
WARNING: If a serviceability tool is in use, please run with -XX:+EnableDynamicAgentLoading to hide this warning
WARNING: If a serviceability tool is not in use, please run with -Djdk.instrument.traceUsage for more information
WARNING: Dynamic loading of agents will be disallowed by default in a future release
]]></system-err>
  </testcase>
</testsuite>